

Microchip MPLAB XC8 Assembler V2.31 build 20201012212115 
                                                                                               Wed Mar 31 17:12:56 2021

Microchip MPLAB XC8 C Compiler v2.31 (Free license) build 20201012212115 Og1 
     1                           	processor	18F27Q43
     2                           	fnconf	rparam,??,?,0
     3                           	pagewidth 120
     4                           	opt	flic
     5                           	psect	idataBANK6,global,class=CODE,delta=1,noexec
     6                           	psect	cinit,global,reloc=2,class=CODE,delta=1
     7                           	psect	bssCOMRAM,global,class=COMRAM,space=1,delta=1,lowdata,noexec
     8                           	psect	dataBANK6,global,class=BANK6,space=1,delta=1,lowdata,noexec
     9                           	psect	cstackCOMRAM,global,class=COMRAM,space=1,delta=1,lowdata,noexec
    10                           	psect	text0,global,reloc=2,class=CODE,delta=1
    11                           	psect	text1,global,reloc=2,class=CODE,delta=1
    12                           	psect	text2,global,reloc=2,class=CODE,delta=1
    13                           	psect	text3,global,reloc=2,class=CODE,delta=1
    14                           	psect	text4,global,reloc=2,class=CODE,delta=1
    15                           	psect	text5,global,reloc=2,class=CODE,delta=1
    16                           	psect	text6,global,reloc=2,class=CODE,delta=1
    17                           	psect	text7,global,reloc=2,class=CODE,delta=1
    18                           	psect	intsave_regs,global,class=BIGRAM,space=1,delta=1,noexec
    19                           	psect	rparam,global,class=COMRAM,space=1,delta=1,noexec
    20                           	psect	idloc,global,abs,ovrld,class=IDLOC,space=5,delta=1,noexec
    21                           	psect	config,global,abs,ovrld,class=CONFIG,space=4,delta=1,noexec
    22  0000                     
    23                           ; Version 2.20
    24                           ; Generated 29/04/2020 GMT
    25                           ; 
    26                           ; Copyright © 2020, Microchip Technology Inc. and its subsidiaries ("Microchip")
    27                           ; All rights reserved.
    28                           ; 
    29                           ; This software is developed by Microchip Technology Inc. and its subsidiaries ("Microch
      +                          ip").
    30                           ; 
    31                           ; Redistribution and use in source and binary forms, with or without modification, are
    32                           ; permitted provided that the following conditions are met:
    33                           ; 
    34                           ;     1. Redistributions of source code must retain the above copyright notice, this lis
      +                          t of
    35                           ;        conditions and the following disclaimer.
    36                           ; 
    37                           ;     2. Redistributions in binary form must reproduce the above copyright notice, this 
      +                          list
    38                           ;        of conditions and the following disclaimer in the documentation and/or other
    39                           ;        materials provided with the distribution.
    40                           ; 
    41                           ;     3. Microchip's name may not be used to endorse or promote products derived from th
      +                          is
    42                           ;        software without specific prior written permission.
    43                           ; 
    44                           ; THIS SOFTWARE IS PROVIDED BY MICROCHIP "AS IS" AND ANY EXPRESS OR IMPLIED WARRANTIES,
    45                           ; INCLUDING, BUT NOT LIMITED TO, THE IMPLIED WARRANTIES OF MERCHANTABILITY AND FITNESS F
      +                          OR
    46                           ; PURPOSE ARE DISCLAIMED.  IN NO EVENT SHALL MICROCHIP BE LIABLE FOR ANY DIRECT, INDIREC
      +                          T,
    47                           ; INCIDENTAL, SPECIAL, EXEMPLARY, OR CONSEQUENTIAL DAMAGES (INCLUDING BUT NOT LIMITED TO
    48                           ; PROCUREMENT OF SUBSTITUTE GOODS OR SERVICES; LOSS OF USE, DATA OR PROFITS; OR BUSINESS
    49                           ; INTERRUPTION) HOWSOEVER CAUSED AND ON ANY THEORY OF LIABILITY, WHETHER IN CONTRACT, ST
      +                          RICT
    50                           ; LIABILITY, OR TORT (INCLUDING NEGLIGENCE OR OTHERWISE) ARISING IN ANY WAY OUT OF THE U
      +                          SE OF
    51                           ; THIS SOFTWARE, EVEN IF ADVISED OF THE POSSIBILITY OF SUCH DAMAGE.
    52                           ; 
    53                           ; 
    54                           ; Code-generator required, PIC18F27Q43 Definitions
    55                           ; 
    56                           ; SFR Addresses
    57  0000                     
    58                           	psect	idataBANK6
    59  01FEFC                     __pidataBANK6:
    60                           	callstack 0
    61                           
    62                           ;initializer for _UserApp_au8sinTable
    63  01FEFC  80                 	db	128
    64  01FEFD  83                 	db	131
    65  01FEFE  86                 	db	134
    66  01FEFF  89                 	db	137
    67  01FF00  8C                 	db	140
    68  01FF01  8F                 	db	143
    69  01FF02  92                 	db	146
    70  01FF03  95                 	db	149
    71  01FF04  98                 	db	152
    72  01FF05  9B                 	db	155
    73  01FF06  9E                 	db	158
    74  01FF07  A2                 	db	162
    75  01FF08  A5                 	db	165
    76  01FF09  A7                 	db	167
    77  01FF0A  AA                 	db	170
    78  01FF0B  AD                 	db	173
    79  01FF0C  B0                 	db	176
    80  01FF0D  B3                 	db	179
    81  01FF0E  B6                 	db	182
    82  01FF0F  B9                 	db	185
    83  01FF10  BC                 	db	188
    84  01FF11  BE                 	db	190
    85  01FF12  C1                 	db	193
    86  01FF13  C4                 	db	196
    87  01FF14  C6                 	db	198
    88  01FF15  C9                 	db	201
    89  01FF16  CB                 	db	203
    90  01FF17  CE                 	db	206
    91  01FF18  D0                 	db	208
    92  01FF19  D3                 	db	211
    93  01FF1A  D5                 	db	213
    94  01FF1B  D7                 	db	215
    95  01FF1C  DA                 	db	218
    96  01FF1D  DC                 	db	220
    97  01FF1E  DE                 	db	222
    98  01FF1F  E0                 	db	224
    99  01FF20  E2                 	db	226
   100  01FF21  E4                 	db	228
   101  01FF22  E6                 	db	230
   102  01FF23  E8                 	db	232
   103  01FF24  EA                 	db	234
   104  01FF25  EB                 	db	235
   105  01FF26  ED                 	db	237
   106  01FF27  EE                 	db	238
   107  01FF28  F0                 	db	240
   108  01FF29  F1                 	db	241
   109  01FF2A  F3                 	db	243
   110  01FF2B  F4                 	db	244
   111  01FF2C  F5                 	db	245
   112  01FF2D  F6                 	db	246
   113  01FF2E  F8                 	db	248
   114  01FF2F  F9                 	db	249
   115  01FF30  FA                 	db	250
   116  01FF31  FA                 	db	250
   117  01FF32  FB                 	db	251
   118  01FF33  FC                 	db	252
   119  01FF34  FD                 	db	253
   120  01FF35  FD                 	db	253
   121  01FF36  FE                 	db	254
   122  01FF37  FE                 	db	254
   123  01FF38  FE                 	db	254
   124  01FF39  FF                 	db	255
   125  01FF3A  FF                 	db	255
   126  01FF3B  FF                 	db	255
   127  01FF3C  FF                 	db	255
   128  01FF3D  FF                 	db	255
   129  01FF3E  FF                 	db	255
   130  01FF3F  FF                 	db	255
   131  01FF40  FE                 	db	254
   132  01FF41  FE                 	db	254
   133  01FF42  FE                 	db	254
   134  01FF43  FD                 	db	253
   135  01FF44  FD                 	db	253
   136  01FF45  FC                 	db	252
   137  01FF46  FB                 	db	251
   138  01FF47  FA                 	db	250
   139  01FF48  FA                 	db	250
   140  01FF49  F9                 	db	249
   141  01FF4A  F8                 	db	248
   142  01FF4B  F6                 	db	246
   143  01FF4C  F5                 	db	245
   144  01FF4D  F4                 	db	244
   145  01FF4E  F3                 	db	243
   146  01FF4F  F1                 	db	241
   147  01FF50  F0                 	db	240
   148  01FF51  EE                 	db	238
   149  01FF52  ED                 	db	237
   150  01FF53  EB                 	db	235
   151  01FF54  EA                 	db	234
   152  01FF55  E8                 	db	232
   153  01FF56  E6                 	db	230
   154  01FF57  E4                 	db	228
   155  01FF58  E2                 	db	226
   156  01FF59  E0                 	db	224
   157  01FF5A  DE                 	db	222
   158  01FF5B  DC                 	db	220
   159  01FF5C  DA                 	db	218
   160  01FF5D  D7                 	db	215
   161  01FF5E  D5                 	db	213
   162  01FF5F  D3                 	db	211
   163  01FF60  D0                 	db	208
   164  01FF61  CE                 	db	206
   165  01FF62  CB                 	db	203
   166  01FF63  C9                 	db	201
   167  01FF64  C6                 	db	198
   168  01FF65  C4                 	db	196
   169  01FF66  C1                 	db	193
   170  01FF67  BE                 	db	190
   171  01FF68  BC                 	db	188
   172  01FF69  B9                 	db	185
   173  01FF6A  B6                 	db	182
   174  01FF6B  B3                 	db	179
   175  01FF6C  B0                 	db	176
   176  01FF6D  AD                 	db	173
   177  01FF6E  AA                 	db	170
   178  01FF6F  A7                 	db	167
   179  01FF70  A5                 	db	165
   180  01FF71  A2                 	db	162
   181  01FF72  9E                 	db	158
   182  01FF73  9B                 	db	155
   183  01FF74  98                 	db	152
   184  01FF75  95                 	db	149
   185  01FF76  92                 	db	146
   186  01FF77  8F                 	db	143
   187  01FF78  8C                 	db	140
   188  01FF79  89                 	db	137
   189  01FF7A  86                 	db	134
   190  01FF7B  83                 	db	131
   191  01FF7C  80                 	db	128
   192  01FF7D  7C                 	db	124
   193  01FF7E  79                 	db	121
   194  01FF7F  76                 	db	118
   195  01FF80  73                 	db	115
   196  01FF81  70                 	db	112
   197  01FF82  6D                 	db	109
   198  01FF83  6A                 	db	106
   199  01FF84  67                 	db	103
   200  01FF85  64                 	db	100
   201  01FF86  61                 	db	97
   202  01FF87  5D                 	db	93
   203  01FF88  5A                 	db	90
   204  01FF89  58                 	db	88
   205  01FF8A  55                 	db	85
   206  01FF8B  52                 	db	82
   207  01FF8C  4F                 	db	79
   208  01FF8D  4C                 	db	76
   209  01FF8E  49                 	db	73
   210  01FF8F  46                 	db	70
   211  01FF90  43                 	db	67
   212  01FF91  41                 	db	65
   213  01FF92  3E                 	db	62
   214  01FF93  3B                 	db	59
   215  01FF94  39                 	db	57
   216  01FF95  36                 	db	54
   217  01FF96  34                 	db	52
   218  01FF97  31                 	db	49
   219  01FF98  2F                 	db	47
   220  01FF99  2C                 	db	44
   221  01FF9A  2A                 	db	42
   222  01FF9B  28                 	db	40
   223  01FF9C  25                 	db	37
   224  01FF9D  23                 	db	35
   225  01FF9E  21                 	db	33
   226  01FF9F  1F                 	db	31
   227  01FFA0  1D                 	db	29
   228  01FFA1  1B                 	db	27
   229  01FFA2  19                 	db	25
   230  01FFA3  17                 	db	23
   231  01FFA4  15                 	db	21
   232  01FFA5  14                 	db	20
   233  01FFA6  12                 	db	18
   234  01FFA7  11                 	db	17
   235  01FFA8  0F                 	db	15
   236  01FFA9  0E                 	db	14
   237  01FFAA  0C                 	db	12
   238  01FFAB  0B                 	db	11
   239  01FFAC  0A                 	db	10
   240  01FFAD  09                 	db	9
   241  01FFAE  07                 	db	7
   242  01FFAF  06                 	db	6
   243  01FFB0  05                 	db	5
   244  01FFB1  05                 	db	5
   245  01FFB2  04                 	db	4
   246  01FFB3  03                 	db	3
   247  01FFB4  02                 	db	2
   248  01FFB5  02                 	db	2
   249  01FFB6  01                 	db	1
   250  01FFB7  01                 	db	1
   251  01FFB8  01                 	db	1
   252  01FFB9  00                 	db	0
   253  01FFBA  00                 	db	0
   254  01FFBB  00                 	db	0
   255  01FFBC  00                 	db	0
   256  01FFBD  00                 	db	0
   257  01FFBE  00                 	db	0
   258  01FFBF  00                 	db	0
   259  01FFC0  01                 	db	1
   260  01FFC1  01                 	db	1
   261  01FFC2  01                 	db	1
   262  01FFC3  02                 	db	2
   263  01FFC4  02                 	db	2
   264  01FFC5  03                 	db	3
   265  01FFC6  04                 	db	4
   266  01FFC7  05                 	db	5
   267  01FFC8  05                 	db	5
   268  01FFC9  06                 	db	6
   269  01FFCA  07                 	db	7
   270  01FFCB  09                 	db	9
   271  01FFCC  0A                 	db	10
   272  01FFCD  0B                 	db	11
   273  01FFCE  0C                 	db	12
   274  01FFCF  0E                 	db	14
   275  01FFD0  0F                 	db	15
   276  01FFD1  11                 	db	17
   277  01FFD2  12                 	db	18
   278  01FFD3  14                 	db	20
   279  01FFD4  15                 	db	21
   280  01FFD5  17                 	db	23
   281  01FFD6  19                 	db	25
   282  01FFD7  1B                 	db	27
   283  01FFD8  1D                 	db	29
   284  01FFD9  1F                 	db	31
   285  01FFDA  21                 	db	33
   286  01FFDB  23                 	db	35
   287  01FFDC  25                 	db	37
   288  01FFDD  28                 	db	40
   289  01FFDE  2A                 	db	42
   290  01FFDF  2C                 	db	44
   291  01FFE0  2F                 	db	47
   292  01FFE1  31                 	db	49
   293  01FFE2  34                 	db	52
   294  01FFE3  36                 	db	54
   295  01FFE4  39                 	db	57
   296  01FFE5  3B                 	db	59
   297  01FFE6  3E                 	db	62
   298  01FFE7  41                 	db	65
   299  01FFE8  43                 	db	67
   300  01FFE9  46                 	db	70
   301  01FFEA  49                 	db	73
   302  01FFEB  4C                 	db	76
   303  01FFEC  4F                 	db	79
   304  01FFED  52                 	db	82
   305  01FFEE  55                 	db	85
   306  01FFEF  58                 	db	88
   307  01FFF0  5A                 	db	90
   308  01FFF1  5D                 	db	93
   309  01FFF2  61                 	db	97
   310  01FFF3  64                 	db	100
   311  01FFF4  67                 	db	103
   312  01FFF5  6A                 	db	106
   313  01FFF6  6D                 	db	109
   314  01FFF7  70                 	db	112
   315  01FFF8  73                 	db	115
   316  01FFF9  76                 	db	118
   317  01FFFA  79                 	db	121
   318  01FFFB  7C                 	db	124
   319  0000                     _DAC1DATL	set	125
   320  0000                     _DAC1CON	set	127
   321  0000                     _TMR0L	set	792
   322  0000                     _TMR0H	set	793
   323  0000                     _T0CON1	set	795
   324  0000                     _T0CON0	set	794
   325  0000                     _ANSELA	set	1024
   326  0000                     _PIR3	set	1201
   327  0000                     _LATA	set	1214
   328  0000                     _PIR3bits	set	1201
   329  0000                     _TRISA	set	1222
   330                           
   331                           ; #config settings
   332                           
   333                           	psect	cinit
   334  01FE8A                     __pcinit:
   335                           	callstack 0
   336  01FE8A                     start_initialization:
   337                           	callstack 0
   338  01FE8A                     __initialization:
   339                           	callstack 0
   340                           
   341                           ; Initialize objects allocated to BANK6 (256 bytes)
   342                           ; load TBLPTR registers with __pidataBANK6
   343  01FE8A  0EFC               	movlw	low __pidataBANK6
   344  01FE8C  6EF6               	movwf	tblptrl,c
   345  01FE8E  0EFE               	movlw	high __pidataBANK6
   346  01FE90  6EF7               	movwf	tblptrh,c
   347  01FE92  0E01               	movlw	low (__pidataBANK6 shr (0+16))
   348  01FE94  6EF8               	movwf	tblptru,c
   349  01FE96  EE01  F200         	lfsr	0,__pdataBANK6
   350  01FE9A  EE10 F100          	lfsr	1,256
   351  01FE9E                     copy_data0:
   352  01FE9E  0009               	tblrd		*+
   353  01FEA0  C4F5 F4EE          	movff	tablat,postinc0
   354  01FEA4  50E5               	movf	postdec1,w,c
   355  01FEA6  50E1               	movf	fsr1l,w,c
   356  01FEA8  E1FA               	bnz	copy_data0
   357  01FEAA  50E2               	movf	fsr1h,w,c
   358  01FEAC  E1F8               	bnz	copy_data0
   359                           
   360                           ; Clear objects allocated to COMRAM (14 bytes)
   361  01FEAE  EE01  F101         	lfsr	0,__pbssCOMRAM
   362  01FEB2  0E0E               	movlw	14
   363  01FEB4                     clear_0:
   364  01FEB4  6AEE               	clrf	postinc0,c
   365  01FEB6  06E8               	decf	wreg,f,c
   366  01FEB8  E1FD               	bnz	clear_0
   367  01FEBA                     end_of_initialization:
   368                           	callstack 0
   369  01FEBA                     __end_of__initialization:
   370                           	callstack 0
   371  01FEBA  0100               	movlb	0
   372  01FEBC  EF60  F0FF         	goto	_main	;jump to C main() function
   373                           
   374                           	psect	bssCOMRAM
   375  000501                     __pbssCOMRAM:
   376                           	callstack 0
   377  000501                     _G_u32SystemFlags:
   378                           	callstack 0
   379  000501                     	ds	4
   380  000505                     _G_u32SystemTime1s:
   381                           	callstack 0
   382  000505                     	ds	4
   383  000509                     _G_u32SystemTime1ms:
   384                           	callstack 0
   385  000509                     	ds	4
   386  00050D                     UserAppRun@u8Index:
   387                           	callstack 0
   388  00050D                     	ds	1
   389  00050E                     _G_u8UserAppFlags:
   390                           	callstack 0
   391  00050E                     	ds	1
   392                           
   393                           	psect	dataBANK6
   394  000600                     __pdataBANK6:
   395                           	callstack 0
   396  000600                     _UserApp_au8sinTable:
   397                           	callstack 0
   398  000600                     	ds	256
   399                           
   400                           	psect	cstackCOMRAM
   401  00050F                     __pcstackCOMRAM:
   402                           	callstack 0
   403  00050F                     TimeXus@u16Time:
   404                           	callstack 0
   405                           
   406                           ; 2 bytes @ 0x0
   407  00050F                     	ds	2
   408  000511                     TimeXus@u16Value:
   409                           	callstack 0
   410                           
   411                           ; 2 bytes @ 0x2
   412  000511                     	ds	2
   413  000513                     
   414                           ; 1 bytes @ 0x4
   415 ;;
   416 ;;Main: autosize = 0, tempsize = 0, incstack = 0, save=0
   417 ;;
   418 ;; *************** function _main *****************
   419 ;; Defined at:
   420 ;;		line 33 in file "main.c"
   421 ;; Parameters:    Size  Location     Type
   422 ;;		None
   423 ;; Auto vars:     Size  Location     Type
   424 ;;		None
   425 ;; Return value:  Size  Location     Type
   426 ;;                  1    wreg      void 
   427 ;; Registers used:
   428 ;;		wreg, fsr2l, fsr2h, status,2, status,0, cstack
   429 ;; Tracked objects:
   430 ;;		On entry : 0/0
   431 ;;		On exit  : 0/0
   432 ;;		Unchanged: 0/0
   433 ;; Data sizes:     COMRAM   BANK5   BANK6   BANK7   BANK8   BANK9  BANK10  BANK11  BANK12  BANK13  BANK14  BANK15  BANK1
      +6  BANK17  BANK18  BANK19  BANK20  BANK21  BANK22  BANK23  BANK24  BANK25  BANK26  BANK27  BANK28  BANK29  BANK30  BANK3
      +1  BANK32  BANK33  BANK34  BANK35  BANK36
   434 ;;      Params:         0       0       0       0       0       0       0       0       0       0       0       0       
      +0       0       0       0       0       0       0       0       0       0       0       0       0       0       0       
      +0       0       0       0       0       0
   435 ;;      Locals:         0       0       0       0       0       0       0       0       0       0       0       0       
      +0       0       0       0       0       0       0       0       0       0       0       0       0       0       0       
      +0       0       0       0       0       0
   436 ;;      Temps:          0       0       0       0       0       0       0       0       0       0       0       0       
      +0       0       0       0       0       0       0       0       0       0       0       0       0       0       0       
      +0       0       0       0       0       0
   437 ;;      Totals:         0       0       0       0       0       0       0       0       0       0       0       0       
      +0       0       0       0       0       0       0       0       0       0       0       0       0       0       0       
      +0       0       0       0       0       0
   438 ;;Total ram usage:        0 bytes
   439 ;; Hardware stack levels required when called:    1
   440 ;; This function calls:
   441 ;;		_ClockSetup
   442 ;;		_GpioSetup
   443 ;;		_SysTickSetup
   444 ;;		_SystemSleep
   445 ;;		_TimeXus
   446 ;;		_UserAppInitialize
   447 ;;		_UserAppRun
   448 ;; This function is called by:
   449 ;;		Startup code after reset
   450 ;; This function uses a non-reentrant model
   451 ;;
   452                           
   453                           	psect	text0
   454  01FEC0                     __ptext0:
   455                           	callstack 0
   456  01FEC0                     _main:
   457                           	callstack 127
   458  01FEC0                     
   459                           ;main.c: 35:   G_u32SystemFlags |= (u32)0x80000000;
   460  01FEC0  8E04               	bsf	(_G_u32SystemFlags+3)^(0+1280),7,c	;volatile
   461  01FEC2                     
   462                           ;main.c: 38:   ClockSetup();
   463  01FEC2  ECFA  F0FE         	call	_ClockSetup	;wreg free
   464  01FEC6                     
   465                           ;main.c: 39:   SysTickSetup();
   466  01FEC6  EC1E  F0FF         	call	_SysTickSetup	;wreg free
   467  01FECA                     
   468                           ;main.c: 40:   GpioSetup();
   469  01FECA  ECFC  F0FE         	call	_GpioSetup	;wreg free
   470  01FECE                     
   471                           ;main.c: 45:   UserAppInitialize();
   472  01FECE  EC05  F0FF         	call	_UserAppInitialize	;wreg free
   473  01FED2                     l833:
   474                           
   475                           ;main.c: 51:   {;main.c: 63:     UserAppRun();
   476  01FED2  EC2F  F0FF         	call	_UserAppRun	;wreg free
   477  01FED6                     
   478                           ;main.c: 67:     SystemSleep();
   479  01FED6  ECFB  F0FE         	call	_SystemSleep	;wreg free
   480  01FEDA                     
   481                           ;main.c: 70:     TimeXus(11);
   482  01FEDA  0E00               	movlw	0
   483  01FEDC  6E10               	movwf	(TimeXus@u16Time+1)^(0+1280),c
   484  01FEDE  0E0B               	movlw	11
   485  01FEE0  6E0F               	movwf	TimeXus@u16Time^(0+1280),c
   486  01FEE2  EC10  F0FF         	call	_TimeXus	;wreg free
   487  01FEE6                     l50:
   488                           
   489                           ;main.c: 72:     while (PIR3bits.TMR0IF == 0)
   490  01FEE6  AEB1               	btfss	177,7,c	;volatile
   491  01FEE8  EF78  F0FF         	goto	u31
   492  01FEEC  EF7A  F0FF         	goto	u30
   493  01FEF0                     u31:
   494  01FEF0  EF73  F0FF         	goto	l50
   495  01FEF4                     u30:
   496  01FEF4  EF69  F0FF         	goto	l833
   497  01FEF8  EFFE  F0FF         	goto	start
   498  01FEFC                     __end_of_main:
   499                           	callstack 0
   500                           
   501 ;; *************** function _UserAppRun *****************
   502 ;; Defined at:
   503 ;;		line 105 in file "user_app.c"
   504 ;; Parameters:    Size  Location     Type
   505 ;;		None
   506 ;; Auto vars:     Size  Location     Type
   507 ;;		None
   508 ;; Return value:  Size  Location     Type
   509 ;;                  1    wreg      void 
   510 ;; Registers used:
   511 ;;		wreg, fsr2l, fsr2h, status,2, status,0
   512 ;; Tracked objects:
   513 ;;		On entry : 0/0
   514 ;;		On exit  : 0/0
   515 ;;		Unchanged: 0/0
   516 ;; Data sizes:     COMRAM   BANK5   BANK6   BANK7   BANK8   BANK9  BANK10  BANK11  BANK12  BANK13  BANK14  BANK15  BANK1
      +6  BANK17  BANK18  BANK19  BANK20  BANK21  BANK22  BANK23  BANK24  BANK25  BANK26  BANK27  BANK28  BANK29  BANK30  BANK3
      +1  BANK32  BANK33  BANK34  BANK35  BANK36
   517 ;;      Params:         0       0       0       0       0       0       0       0       0       0       0       0       
      +0       0       0       0       0       0       0       0       0       0       0       0       0       0       0       
      +0       0       0       0       0       0
   518 ;;      Locals:         0       0       0       0       0       0       0       0       0       0       0       0       
      +0       0       0       0       0       0       0       0       0       0       0       0       0       0       0       
      +0       0       0       0       0       0
   519 ;;      Temps:          0       0       0       0       0       0       0       0       0       0       0       0       
      +0       0       0       0       0       0       0       0       0       0       0       0       0       0       0       
      +0       0       0       0       0       0
   520 ;;      Totals:         0       0       0       0       0       0       0       0       0       0       0       0       
      +0       0       0       0       0       0       0       0       0       0       0       0       0       0       0       
      +0       0       0       0       0       0
   521 ;;Total ram usage:        0 bytes
   522 ;; Hardware stack levels used:    1
   523 ;; This function calls:
   524 ;;		Nothing
   525 ;; This function is called by:
   526 ;;		_main
   527 ;; This function uses a non-reentrant model
   528 ;;
   529                           
   530                           	psect	text1
   531  01FE5E                     __ptext1:
   532                           	callstack 0
   533  01FE5E                     _UserAppRun:
   534                           	callstack 127
   535  01FE5E                     
   536                           ;user_app.c: 132:     static u8 u8Index = 0;;user_app.c: 134:     if(u8Index == 255)
   537  01FE5E  280D               	incf	UserAppRun@u8Index^(0+1280),w,c
   538  01FE60  A4D8               	btfss	status,2,c
   539  01FE62  EF35  F0FF         	goto	u11
   540  01FE66  EF37  F0FF         	goto	u10
   541  01FE6A                     u11:
   542  01FE6A  EF39  F0FF         	goto	l777
   543  01FE6E                     u10:
   544  01FE6E                     
   545                           ;user_app.c: 135:     {;user_app.c: 136:         u8Index = 0;
   546  01FE6E  0E00               	movlw	0
   547  01FE70  6E0D               	movwf	UserAppRun@u8Index^(0+1280),c
   548  01FE72                     l777:
   549                           
   550                           ;user_app.c: 139:     DAC1DATL = UserApp_au8sinTable[u8Index];
   551  01FE72  0E00               	movlw	low _UserApp_au8sinTable
   552  01FE74  240D               	addwf	UserAppRun@u8Index^(0+1280),w,c
   553  01FE76  6ED9               	movwf	fsr2l,c
   554  01FE78  6ADA               	clrf	fsr2h,c
   555  01FE7A  0E06               	movlw	high _UserApp_au8sinTable
   556  01FE7C  22DA               	addwfc	fsr2h,f,c
   557  01FE7E  50DF               	movf	indf2,w,c
   558  01FE80  0100               	movlb	0	; () banked
   559  01FE82  6F7D               	movwf	125,b	;volatile
   560  01FE84                     
   561                           ; BSR set to: 0
   562                           ;user_app.c: 140:     u8Index += 4;
   563  01FE84  0E04               	movlw	4
   564  01FE86  260D               	addwf	UserAppRun@u8Index^(0+1280),f,c
   565  01FE88                     
   566                           ; BSR set to: 0
   567  01FE88  0012               	return		;funcret
   568  01FE8A                     __end_of_UserAppRun:
   569                           	callstack 0
   570                           
   571 ;; *************** function _UserAppInitialize *****************
   572 ;; Defined at:
   573 ;;		line 81 in file "user_app.c"
   574 ;; Parameters:    Size  Location     Type
   575 ;;		None
   576 ;; Auto vars:     Size  Location     Type
   577 ;;		None
   578 ;; Return value:  Size  Location     Type
   579 ;;                  1    wreg      void 
   580 ;; Registers used:
   581 ;;		wreg, status,2, status,0
   582 ;; Tracked objects:
   583 ;;		On entry : 0/0
   584 ;;		On exit  : 0/0
   585 ;;		Unchanged: 0/0
   586 ;; Data sizes:     COMRAM   BANK5   BANK6   BANK7   BANK8   BANK9  BANK10  BANK11  BANK12  BANK13  BANK14  BANK15  BANK1
      +6  BANK17  BANK18  BANK19  BANK20  BANK21  BANK22  BANK23  BANK24  BANK25  BANK26  BANK27  BANK28  BANK29  BANK30  BANK3
      +1  BANK32  BANK33  BANK34  BANK35  BANK36
   587 ;;      Params:         0       0       0       0       0       0       0       0       0       0       0       0       
      +0       0       0       0       0       0       0       0       0       0       0       0       0       0       0       
      +0       0       0       0       0       0
   588 ;;      Locals:         0       0       0       0       0       0       0       0       0       0       0       0       
      +0       0       0       0       0       0       0       0       0       0       0       0       0       0       0       
      +0       0       0       0       0       0
   589 ;;      Temps:          0       0       0       0       0       0       0       0       0       0       0       0       
      +0       0       0       0       0       0       0       0       0       0       0       0       0       0       0       
      +0       0       0       0       0       0
   590 ;;      Totals:         0       0       0       0       0       0       0       0       0       0       0       0       
      +0       0       0       0       0       0       0       0       0       0       0       0       0       0       0       
      +0       0       0       0       0       0
   591 ;;Total ram usage:        0 bytes
   592 ;; Hardware stack levels used:    1
   593 ;; This function calls:
   594 ;;		Nothing
   595 ;; This function is called by:
   596 ;;		_main
   597 ;; This function uses a non-reentrant model
   598 ;;
   599                           
   600                           	psect	text2
   601  01FE0A                     __ptext2:
   602                           	callstack 0
   603  01FE0A                     _UserAppInitialize:
   604                           	callstack 127
   605  01FE0A                     
   606                           ;user_app.c: 84:     LATA &= 0xC0;
   607  01FE0A  0EC0               	movlw	192
   608  01FE0C  16BE               	andwf	190,f,c	;volatile
   609  01FE0E                     
   610                           ;user_app.c: 88:     T0CON0 = 0x90;
   611  01FE0E  0E90               	movlw	144
   612  01FE10  0103               	movlb	3	; () banked
   613  01FE12  6F1A               	movwf	26,b	;volatile
   614  01FE14                     
   615                           ; BSR set to: 3
   616                           ;user_app.c: 89:     T0CON1 = 0x54;
   617  01FE14  0E54               	movlw	84
   618  01FE16  6F1B               	movwf	27,b	;volatile
   619  01FE18                     
   620                           ; BSR set to: 3
   621                           ;user_app.c: 92:     DAC1DATL = 0;
   622  01FE18  0E00               	movlw	0
   623  01FE1A  0100               	movlb	0	; () banked
   624  01FE1C  6F7D               	movwf	125,b	;volatile
   625  01FE1E                     
   626                           ; BSR set to: 0
   627  01FE1E  0012               	return		;funcret
   628  01FE20                     __end_of_UserAppInitialize:
   629                           	callstack 0
   630                           
   631 ;; *************** function _TimeXus *****************
   632 ;; Defined at:
   633 ;;		line 145 in file "user_app.c"
   634 ;; Parameters:    Size  Location     Type
   635 ;;  u16Time         2    0[COMRAM] unsigned short 
   636 ;; Auto vars:     Size  Location     Type
   637 ;;  u16Value        2    2[COMRAM] unsigned short 
   638 ;; Return value:  Size  Location     Type
   639 ;;                  1    wreg      void 
   640 ;; Registers used:
   641 ;;		wreg, status,2, status,0
   642 ;; Tracked objects:
   643 ;;		On entry : 0/0
   644 ;;		On exit  : 0/0
   645 ;;		Unchanged: 0/0
   646 ;; Data sizes:     COMRAM   BANK5   BANK6   BANK7   BANK8   BANK9  BANK10  BANK11  BANK12  BANK13  BANK14  BANK15  BANK1
      +6  BANK17  BANK18  BANK19  BANK20  BANK21  BANK22  BANK23  BANK24  BANK25  BANK26  BANK27  BANK28  BANK29  BANK30  BANK3
      +1  BANK32  BANK33  BANK34  BANK35  BANK36
   647 ;;      Params:         2       0       0       0       0       0       0       0       0       0       0       0       
      +0       0       0       0       0       0       0       0       0       0       0       0       0       0       0       
      +0       0       0       0       0       0
   648 ;;      Locals:         2       0       0       0       0       0       0       0       0       0       0       0       
      +0       0       0       0       0       0       0       0       0       0       0       0       0       0       0       
      +0       0       0       0       0       0
   649 ;;      Temps:          0       0       0       0       0       0       0       0       0       0       0       0       
      +0       0       0       0       0       0       0       0       0       0       0       0       0       0       0       
      +0       0       0       0       0       0
   650 ;;      Totals:         4       0       0       0       0       0       0       0       0       0       0       0       
      +0       0       0       0       0       0       0       0       0       0       0       0       0       0       0       
      +0       0       0       0       0       0
   651 ;;Total ram usage:        4 bytes
   652 ;; Hardware stack levels used:    1
   653 ;; This function calls:
   654 ;;		Nothing
   655 ;; This function is called by:
   656 ;;		_main
   657 ;; This function uses a non-reentrant model
   658 ;;
   659                           
   660                           	psect	text3
   661  01FE20                     __ptext3:
   662                           	callstack 0
   663  01FE20                     _TimeXus:
   664                           	callstack 127
   665  01FE20                     
   666                           ;user_app.c: 145: void TimeXus(u16 u16Time);user_app.c: 146: {;user_app.c: 152:     T0CO
      +                          N0 &= 0x7F;
   667  01FE20  0103               	movlb	3	; () banked
   668  01FE22  9F1A               	bcf	26,7,b	;volatile
   669  01FE24                     
   670                           ; BSR set to: 3
   671                           ;user_app.c: 155:     u16 u16Value = 0xFFFF - u16Time;
   672  01FE24  1C0F               	comf	TimeXus@u16Time^(0+1280),w,c
   673  01FE26  6E11               	movwf	TimeXus@u16Value^(0+1280),c
   674  01FE28  1C10               	comf	(TimeXus@u16Time+1)^(0+1280),w,c
   675  01FE2A  6E12               	movwf	(TimeXus@u16Value+1)^(0+1280),c
   676  01FE2C                     
   677                           ; BSR set to: 3
   678                           ;user_app.c: 156:     TMR0H = u16Value >> 8;
   679  01FE2C  5012               	movf	(TimeXus@u16Value+1)^(0+1280),w,c
   680  01FE2E  6F19               	movwf	25,b	;volatile
   681  01FE30                     
   682                           ; BSR set to: 3
   683                           ;user_app.c: 157:     TMR0L = u16Value & 0x00FF;
   684  01FE30  0061  F444  F318   	movff	TimeXus@u16Value,792	;volatile
   685  01FE36                     
   686                           ; BSR set to: 3
   687                           ;user_app.c: 160:     PIR3 &= 0x7F;
   688  01FE36  9EB1               	bcf	177,7,c	;volatile
   689  01FE38                     
   690                           ; BSR set to: 3
   691                           ;user_app.c: 161:     T0CON0 |= 0x80;
   692  01FE38  8F1A               	bsf	26,7,b	;volatile
   693  01FE3A                     
   694                           ; BSR set to: 3
   695  01FE3A  0012               	return		;funcret
   696  01FE3C                     __end_of_TimeXus:
   697                           	callstack 0
   698                           
   699 ;; *************** function _SystemSleep *****************
   700 ;; Defined at:
   701 ;;		line 108 in file "encm369_pic18.c"
   702 ;; Parameters:    Size  Location     Type
   703 ;;		None
   704 ;; Auto vars:     Size  Location     Type
   705 ;;		None
   706 ;; Return value:  Size  Location     Type
   707 ;;                  1    wreg      void 
   708 ;; Registers used:
   709 ;;		None
   710 ;; Tracked objects:
   711 ;;		On entry : 0/0
   712 ;;		On exit  : 0/0
   713 ;;		Unchanged: 0/0
   714 ;; Data sizes:     COMRAM   BANK5   BANK6   BANK7   BANK8   BANK9  BANK10  BANK11  BANK12  BANK13  BANK14  BANK15  BANK1
      +6  BANK17  BANK18  BANK19  BANK20  BANK21  BANK22  BANK23  BANK24  BANK25  BANK26  BANK27  BANK28  BANK29  BANK30  BANK3
      +1  BANK32  BANK33  BANK34  BANK35  BANK36
   715 ;;      Params:         0       0       0       0       0       0       0       0       0       0       0       0       
      +0       0       0       0       0       0       0       0       0       0       0       0       0       0       0       
      +0       0       0       0       0       0
   716 ;;      Locals:         0       0       0       0       0       0       0       0       0       0       0       0       
      +0       0       0       0       0       0       0       0       0       0       0       0       0       0       0       
      +0       0       0       0       0       0
   717 ;;      Temps:          0       0       0       0       0       0       0       0       0       0       0       0       
      +0       0       0       0       0       0       0       0       0       0       0       0       0       0       0       
      +0       0       0       0       0       0
   718 ;;      Totals:         0       0       0       0       0       0       0       0       0       0       0       0       
      +0       0       0       0       0       0       0       0       0       0       0       0       0       0       0       
      +0       0       0       0       0       0
   719 ;;Total ram usage:        0 bytes
   720 ;; Hardware stack levels used:    1
   721 ;; This function calls:
   722 ;;		Nothing
   723 ;; This function is called by:
   724 ;;		_main
   725 ;; This function uses a non-reentrant model
   726 ;;
   727                           
   728                           	psect	text4
   729  01FDF6                     __ptext4:
   730                           	callstack 0
   731  01FDF6                     _SystemSleep:
   732                           	callstack 127
   733  01FDF6  0012               	return		;funcret
   734  01FDF8                     __end_of_SystemSleep:
   735                           	callstack 0
   736                           
   737 ;; *************** function _SysTickSetup *****************
   738 ;; Defined at:
   739 ;;		line 90 in file "encm369_pic18.c"
   740 ;; Parameters:    Size  Location     Type
   741 ;;		None
   742 ;; Auto vars:     Size  Location     Type
   743 ;;		None
   744 ;; Return value:  Size  Location     Type
   745 ;;                  1    wreg      void 
   746 ;; Registers used:
   747 ;;		wreg, status,2
   748 ;; Tracked objects:
   749 ;;		On entry : 0/0
   750 ;;		On exit  : 0/0
   751 ;;		Unchanged: 0/0
   752 ;; Data sizes:     COMRAM   BANK5   BANK6   BANK7   BANK8   BANK9  BANK10  BANK11  BANK12  BANK13  BANK14  BANK15  BANK1
      +6  BANK17  BANK18  BANK19  BANK20  BANK21  BANK22  BANK23  BANK24  BANK25  BANK26  BANK27  BANK28  BANK29  BANK30  BANK3
      +1  BANK32  BANK33  BANK34  BANK35  BANK36
   753 ;;      Params:         0       0       0       0       0       0       0       0       0       0       0       0       
      +0       0       0       0       0       0       0       0       0       0       0       0       0       0       0       
      +0       0       0       0       0       0
   754 ;;      Locals:         0       0       0       0       0       0       0       0       0       0       0       0       
      +0       0       0       0       0       0       0       0       0       0       0       0       0       0       0       
      +0       0       0       0       0       0
   755 ;;      Temps:          0       0       0       0       0       0       0       0       0       0       0       0       
      +0       0       0       0       0       0       0       0       0       0       0       0       0       0       0       
      +0       0       0       0       0       0
   756 ;;      Totals:         0       0       0       0       0       0       0       0       0       0       0       0       
      +0       0       0       0       0       0       0       0       0       0       0       0       0       0       0       
      +0       0       0       0       0       0
   757 ;;Total ram usage:        0 bytes
   758 ;; Hardware stack levels used:    1
   759 ;; This function calls:
   760 ;;		Nothing
   761 ;; This function is called by:
   762 ;;		_main
   763 ;; This function uses a non-reentrant model
   764 ;;
   765                           
   766                           	psect	text5
   767  01FE3C                     __ptext5:
   768                           	callstack 0
   769  01FE3C                     _SysTickSetup:
   770                           	callstack 127
   771  01FE3C                     
   772                           ;encm369_pic18.c: 92:   G_u32SystemTime1ms = 0;
   773  01FE3C  0E00               	movlw	0
   774  01FE3E  6E09               	movwf	_G_u32SystemTime1ms^(0+1280),c	;volatile
   775  01FE40  0E00               	movlw	0
   776  01FE42  6E0A               	movwf	(_G_u32SystemTime1ms+1)^(0+1280),c	;volatile
   777  01FE44  0E00               	movlw	0
   778  01FE46  6E0B               	movwf	(_G_u32SystemTime1ms+2)^(0+1280),c	;volatile
   779  01FE48  0E00               	movlw	0
   780  01FE4A  6E0C               	movwf	(_G_u32SystemTime1ms+3)^(0+1280),c	;volatile
   781                           
   782                           ;encm369_pic18.c: 93:   G_u32SystemTime1s = 0;
   783  01FE4C  0E00               	movlw	0
   784  01FE4E  6E05               	movwf	_G_u32SystemTime1s^(0+1280),c	;volatile
   785  01FE50  0E00               	movlw	0
   786  01FE52  6E06               	movwf	(_G_u32SystemTime1s+1)^(0+1280),c	;volatile
   787  01FE54  0E00               	movlw	0
   788  01FE56  6E07               	movwf	(_G_u32SystemTime1s+2)^(0+1280),c	;volatile
   789  01FE58  0E00               	movlw	0
   790  01FE5A  6E08               	movwf	(_G_u32SystemTime1s+3)^(0+1280),c	;volatile
   791  01FE5C  0012               	return		;funcret
   792  01FE5E                     __end_of_SysTickSetup:
   793                           	callstack 0
   794                           
   795 ;; *************** function _GpioSetup *****************
   796 ;; Defined at:
   797 ;;		line 71 in file "encm369_pic18.c"
   798 ;; Parameters:    Size  Location     Type
   799 ;;		None
   800 ;; Auto vars:     Size  Location     Type
   801 ;;		None
   802 ;; Return value:  Size  Location     Type
   803 ;;                  1    wreg      void 
   804 ;; Registers used:
   805 ;;		wreg, status,2
   806 ;; Tracked objects:
   807 ;;		On entry : 0/0
   808 ;;		On exit  : 0/0
   809 ;;		Unchanged: 0/0
   810 ;; Data sizes:     COMRAM   BANK5   BANK6   BANK7   BANK8   BANK9  BANK10  BANK11  BANK12  BANK13  BANK14  BANK15  BANK1
      +6  BANK17  BANK18  BANK19  BANK20  BANK21  BANK22  BANK23  BANK24  BANK25  BANK26  BANK27  BANK28  BANK29  BANK30  BANK3
      +1  BANK32  BANK33  BANK34  BANK35  BANK36
   811 ;;      Params:         0       0       0       0       0       0       0       0       0       0       0       0       
      +0       0       0       0       0       0       0       0       0       0       0       0       0       0       0       
      +0       0       0       0       0       0
   812 ;;      Locals:         0       0       0       0       0       0       0       0       0       0       0       0       
      +0       0       0       0       0       0       0       0       0       0       0       0       0       0       0       
      +0       0       0       0       0       0
   813 ;;      Temps:          0       0       0       0       0       0       0       0       0       0       0       0       
      +0       0       0       0       0       0       0       0       0       0       0       0       0       0       0       
      +0       0       0       0       0       0
   814 ;;      Totals:         0       0       0       0       0       0       0       0       0       0       0       0       
      +0       0       0       0       0       0       0       0       0       0       0       0       0       0       0       
      +0       0       0       0       0       0
   815 ;;Total ram usage:        0 bytes
   816 ;; Hardware stack levels used:    1
   817 ;; This function calls:
   818 ;;		Nothing
   819 ;; This function is called by:
   820 ;;		_main
   821 ;; This function uses a non-reentrant model
   822 ;;
   823                           
   824                           	psect	text6
   825  01FDF8                     __ptext6:
   826                           	callstack 0
   827  01FDF8                     _GpioSetup:
   828                           	callstack 127
   829  01FDF8                     
   830                           ;encm369_pic18.c: 73:     ANSELA = 0x00;
   831  01FDF8  0E00               	movlw	0
   832  01FDFA  0104               	movlb	4	; () banked
   833  01FDFC  6F00               	movwf	0,b	;volatile
   834                           
   835                           ;encm369_pic18.c: 74:     TRISA = 0x00;
   836  01FDFE  0E00               	movlw	0
   837  01FE00  6EC6               	movwf	198,c	;volatile
   838                           
   839                           ;encm369_pic18.c: 77:     DAC1CON = 0xA0;
   840  01FE02  0EA0               	movlw	160
   841  01FE04  0100               	movlb	0	; () banked
   842  01FE06  6F7F               	movwf	127,b	;volatile
   843  01FE08                     
   844                           ; BSR set to: 0
   845  01FE08  0012               	return		;funcret
   846  01FE0A                     __end_of_GpioSetup:
   847                           	callstack 0
   848                           
   849 ;; *************** function _ClockSetup *****************
   850 ;; Defined at:
   851 ;;		line 56 in file "encm369_pic18.c"
   852 ;; Parameters:    Size  Location     Type
   853 ;;		None
   854 ;; Auto vars:     Size  Location     Type
   855 ;;		None
   856 ;; Return value:  Size  Location     Type
   857 ;;                  1    wreg      void 
   858 ;; Registers used:
   859 ;;		None
   860 ;; Tracked objects:
   861 ;;		On entry : 0/0
   862 ;;		On exit  : 0/0
   863 ;;		Unchanged: 0/0
   864 ;; Data sizes:     COMRAM   BANK5   BANK6   BANK7   BANK8   BANK9  BANK10  BANK11  BANK12  BANK13  BANK14  BANK15  BANK1
      +6  BANK17  BANK18  BANK19  BANK20  BANK21  BANK22  BANK23  BANK24  BANK25  BANK26  BANK27  BANK28  BANK29  BANK30  BANK3
      +1  BANK32  BANK33  BANK34  BANK35  BANK36
   865 ;;      Params:         0       0       0       0       0       0       0       0       0       0       0       0       
      +0       0       0       0       0       0       0       0       0       0       0       0       0       0       0       
      +0       0       0       0       0       0
   866 ;;      Locals:         0       0       0       0       0       0       0       0       0       0       0       0       
      +0       0       0       0       0       0       0       0       0       0       0       0       0       0       0       
      +0       0       0       0       0       0
   867 ;;      Temps:          0       0       0       0       0       0       0       0       0       0       0       0       
      +0       0       0       0       0       0       0       0       0       0       0       0       0       0       0       
      +0       0       0       0       0       0
   868 ;;      Totals:         0       0       0       0       0       0       0       0       0       0       0       0       
      +0       0       0       0       0       0       0       0       0       0       0       0       0       0       0       
      +0       0       0       0       0       0
   869 ;;Total ram usage:        0 bytes
   870 ;; Hardware stack levels used:    1
   871 ;; This function calls:
   872 ;;		Nothing
   873 ;; This function is called by:
   874 ;;		_main
   875 ;; This function uses a non-reentrant model
   876 ;;
   877                           
   878                           	psect	text7
   879  01FDF4                     __ptext7:
   880                           	callstack 0
   881  01FDF4                     _ClockSetup:
   882                           	callstack 127
   883  01FDF4  0012               	return		;funcret
   884  01FDF6                     __end_of_ClockSetup:
   885                           	callstack 0
   886  0000                     
   887                           	psect	rparam
   888  0000                     
   889                           	psect	idloc
   890                           
   891                           ;Config register IDLOC0 @ 0x200000
   892                           ;	unspecified, using default values
   893  200000                     	org	2097152
   894  200000  0FFF               	dw	4095
   895                           
   896                           ;Config register IDLOC1 @ 0x200002
   897                           ;	unspecified, using default values
   898  200002                     	org	2097154
   899  200002  0FFF               	dw	4095
   900                           
   901                           ;Config register IDLOC2 @ 0x200004
   902                           ;	unspecified, using default values
   903  200004                     	org	2097156
   904  200004  0FFF               	dw	4095
   905                           
   906                           ;Config register IDLOC3 @ 0x200006
   907                           ;	unspecified, using default values
   908  200006                     	org	2097158
   909  200006  0FFF               	dw	4095
   910                           
   911                           ;Config register IDLOC4 @ 0x200008
   912                           ;	unspecified, using default values
   913  200008                     	org	2097160
   914  200008  0FFF               	dw	4095
   915                           
   916                           ;Config register IDLOC5 @ 0x20000A
   917                           ;	unspecified, using default values
   918  20000A                     	org	2097162
   919  20000A  0FFF               	dw	4095
   920                           
   921                           ;Config register IDLOC6 @ 0x20000C
   922                           ;	unspecified, using default values
   923  20000C                     	org	2097164
   924  20000C  0FFF               	dw	4095
   925                           
   926                           ;Config register IDLOC7 @ 0x20000E
   927                           ;	unspecified, using default values
   928  20000E                     	org	2097166
   929  20000E  0FFF               	dw	4095
   930                           
   931                           ;Config register IDLOC8 @ 0x200010
   932                           ;	unspecified, using default values
   933  200010                     	org	2097168
   934  200010  0FFF               	dw	4095
   935                           
   936                           ;Config register IDLOC9 @ 0x200012
   937                           ;	unspecified, using default values
   938  200012                     	org	2097170
   939  200012  0FFF               	dw	4095
   940                           
   941                           ;Config register IDLOC10 @ 0x200014
   942                           ;	unspecified, using default values
   943  200014                     	org	2097172
   944  200014  0FFF               	dw	4095
   945                           
   946                           ;Config register IDLOC11 @ 0x200016
   947                           ;	unspecified, using default values
   948  200016                     	org	2097174
   949  200016  0FFF               	dw	4095
   950                           
   951                           ;Config register IDLOC12 @ 0x200018
   952                           ;	unspecified, using default values
   953  200018                     	org	2097176
   954  200018  0FFF               	dw	4095
   955                           
   956                           ;Config register IDLOC13 @ 0x20001A
   957                           ;	unspecified, using default values
   958  20001A                     	org	2097178
   959  20001A  0FFF               	dw	4095
   960                           
   961                           ;Config register IDLOC14 @ 0x20001C
   962                           ;	unspecified, using default values
   963  20001C                     	org	2097180
   964  20001C  0FFF               	dw	4095
   965                           
   966                           ;Config register IDLOC15 @ 0x20001E
   967                           ;	unspecified, using default values
   968  20001E                     	org	2097182
   969  20001E  0FFF               	dw	4095
   970                           
   971                           	psect	config
   972                           
   973                           ;Config register CONFIG1 @ 0x300000
   974                           ;	External Oscillator Selection
   975                           ;	FEXTOSC = OFF, Oscillator not enabled
   976                           ;	Reset Oscillator Selection
   977                           ;	RSTOSC = HFINTOSC_64MHZ, HFINTOSC with HFFRQ = 64 MHz and CDIV = 1:1
   978  300000                     	org	3145728
   979  300000  8C                 	db	140
   980                           
   981                           ;Config register CONFIG2 @ 0x300001
   982                           ;	Clock out Enable bit
   983                           ;	CLKOUTEN = ON, CLKOUT function is enabled
   984                           ;	PRLOCKED One-Way Set Enable bit
   985                           ;	PR1WAY = ON, PRLOCKED bit can be cleared and set only once
   986                           ;	Clock Switch Enable bit
   987                           ;	CSWEN = ON, Writing to NOSC and NDIV is allowed
   988                           ;	Fail-Safe Clock Monitor Enable bit
   989                           ;	FCMEN = ON, Fail-Safe Clock Monitor enabled
   990  300001                     	org	3145729
   991  300001  FE                 	db	254
   992                           
   993                           ;Config register CONFIG3 @ 0x300002
   994                           ;	MCLR Enable bit
   995                           ;	MCLRE = EXTMCLR, If LVP = 0, MCLR pin is MCLR; If LVP = 1, RE3 pin function is MCLR
   996                           ;	Power-up timer selection bits
   997                           ;	PWRTS = PWRT_OFF, PWRT is disabled
   998                           ;	Multi-vector enable bit
   999                           ;	MVECEN = ON, Multi-vector enabled, Vector table used for interrupts
  1000                           ;	IVTLOCK bit One-way set enable bit
  1001                           ;	IVT1WAY = ON, IVTLOCKED bit can be cleared and set only once
  1002                           ;	Low Power BOR Enable bit
  1003                           ;	LPBOREN = OFF, Low-Power BOR disabled
  1004                           ;	Brown-out Reset Enable bits
  1005                           ;	BOREN = SBORDIS, Brown-out Reset enabled , SBOREN bit is ignored
  1006  300002                     	org	3145730
  1007  300002  FF                 	db	255
  1008                           
  1009                           ;Config register CONFIG4 @ 0x300003
  1010                           ;	Brown-out Reset Voltage Selection bits
  1011                           ;	BORV = VBOR_2P85, Brown-out Reset Voltage (VBOR) set to 2.8V
  1012                           ;	ZCD Disable bit
  1013                           ;	ZCD = OFF, ZCD module is disabled. ZCD can be enabled by setting the ZCDSEN bit of ZCD
      +                          CON
  1014                           ;	PPSLOCK bit One-Way Set Enable bit
  1015                           ;	PPS1WAY = ON, PPSLOCKED bit can be cleared and set only once; PPS registers remain loc
      +                          ked after one clear/set cycle
  1016                           ;	Stack Full/Underflow Reset Enable bit
  1017                           ;	STVREN = ON, Stack full/underflow will cause Reset
  1018                           ;	Low Voltage Programming Enable bit
  1019                           ;	LVP = ON, Low voltage programming enabled. MCLR/VPP pin function is MCLR. MCLRE config
      +                          uration bit is ignored
  1020                           ;	Extended Instruction Set Enable bit
  1021                           ;	XINST = OFF, Extended Instruction Set and Indexed Addressing Mode disabled
  1022  300003                     	org	3145731
  1023  300003  FC                 	db	252
  1024                           
  1025                           ;Config register CONFIG5 @ 0x300004
  1026                           ;	WDT Period selection bits
  1027                           ;	WDTCPS = WDTCPS_31, Divider ratio 1:65536; software control of WDTPS
  1028                           ;	WDT operating mode
  1029                           ;	WDTE = OFF, WDT Disabled; SWDTEN is ignored
  1030  300004                     	org	3145732
  1031  300004  9F                 	db	159
  1032                           
  1033                           ;Config register CONFIG6 @ 0x300005
  1034                           ;	WDT Window Select bits
  1035                           ;	WDTCWS = WDTCWS_7, window always open (100%); software control; keyed access not requi
      +                          red
  1036                           ;	WDT input clock selector
  1037                           ;	WDTCCS = SC, Software Control
  1038  300005                     	org	3145733
  1039  300005  FF                 	db	255
  1040                           
  1041                           ;Config register CONFIG7 @ 0x300006
  1042                           ;	Boot Block Size selection bits
  1043                           ;	BBSIZE = BBSIZE_512, Boot Block size is 512 words
  1044                           ;	Boot Block enable bit
  1045                           ;	BBEN = OFF, Boot block disabled
  1046                           ;	Storage Area Flash enable bit
  1047                           ;	SAFEN = OFF, SAF disabled
  1048                           ;	Background Debugger
  1049                           ;	DEBUG = OFF, Background Debugger disabled
  1050  300006                     	org	3145734
  1051  300006  FF                 	db	255
  1052                           
  1053                           ;Config register CONFIG8 @ 0x300007
  1054                           ;	Boot Block Write Protection bit
  1055                           ;	WRTB = OFF, Boot Block not Write protected
  1056                           ;	Configuration Register Write Protection bit
  1057                           ;	WRTC = OFF, Configuration registers not Write protected
  1058                           ;	Data EEPROM Write Protection bit
  1059                           ;	WRTD = OFF, Data EEPROM not Write protected
  1060                           ;	SAF Write protection bit
  1061                           ;	WRTSAF = OFF, SAF not Write Protected
  1062                           ;	Application Block write protection bit
  1063                           ;	WRTAPP = OFF, Application Block not write protected
  1064  300007                     	org	3145735
  1065  300007  FF                 	db	255
  1066                           
  1067                           ; Padding undefined space
  1068  300008                     	org	3145736
  1069  300008  FF                 	db	255
  1070                           
  1071                           ;Config register CONFIG10 @ 0x300009
  1072                           ;	PFM and Data EEPROM Code Protection bit
  1073                           ;	CP = OFF, PFM and Data EEPROM code protection disabled
  1074  300009                     	org	3145737
  1075  300009  FF                 	db	255
  1076                           tosu	equ	0x4FF
  1077                           tosh	equ	0x4FE
  1078                           tosl	equ	0x4FD
  1079                           stkptr	equ	0x4FC
  1080                           pclatu	equ	0x4FB
  1081                           pclath	equ	0x4FA
  1082                           pcl	equ	0x4F9
  1083                           tblptru	equ	0x4F8
  1084                           tblptrh	equ	0x4F7
  1085                           tblptrl	equ	0x4F6
  1086                           tablat	equ	0x4F5
  1087                           prodh	equ	0x4F4
  1088                           prodl	equ	0x4F3
  1089                           indf0	equ	0x4EF
  1090                           postinc0	equ	0x4EE
  1091                           postdec0	equ	0x4ED
  1092                           preinc0	equ	0x4EC
  1093                           plusw0	equ	0x4EB
  1094                           fsr0h	equ	0x4EA
  1095                           fsr0l	equ	0x4E9
  1096                           wreg	equ	0x4E8
  1097                           indf1	equ	0x4E7
  1098                           postinc1	equ	0x4E6
  1099                           postdec1	equ	0x4E5
  1100                           preinc1	equ	0x4E4
  1101                           plusw1	equ	0x4E3
  1102                           fsr1h	equ	0x4E2
  1103                           fsr1l	equ	0x4E1
  1104                           bsr	equ	0x4E0
  1105                           indf2	equ	0x4DF
  1106                           postinc2	equ	0x4DE
  1107                           postdec2	equ	0x4DD
  1108                           preinc2	equ	0x4DC
  1109                           plusw2	equ	0x4DB
  1110                           fsr2h	equ	0x4DA
  1111                           fsr2l	equ	0x4D9
  1112                           status	equ	0x4D8

Data Sizes:
    Strings     0
    Constant    0
    Data        256
    BSS         14
    Persistent  0
    Stack       0

Auto Spaces:
    Space          Size  Autos    Used
    COMRAM           95      4      18
    BANK5           160      0       0
    BANK6           256      0     256
    BANK7           256      0       0
    BANK8           256      0       0
    BANK9           256      0       0
    BANK10          256      0       0
    BANK11          256      0       0
    BANK12          256      0       0
    BANK13          256      0       0
    BANK14          256      0       0
    BANK15          256      0       0
    BANK16          256      0       0
    BANK17          256      0       0
    BANK18          256      0       0
    BANK19          256      0       0
    BANK20          256      0       0
    BANK21          256      0       0
    BANK22          256      0       0
    BANK23          256      0       0
    BANK24          256      0       0
    BANK25          256      0       0
    BANK26          256      0       0
    BANK27          256      0       0
    BANK28          256      0       0
    BANK29          256      0       0
    BANK30          256      0       0
    BANK31          256      0       0
    BANK32          256      0       0
    BANK33          256      0       0
    BANK34          256      0       0
    BANK35          256      0       0
    BANK36          256      0       0

Pointer List with Targets:

    None.

Critical Paths under _main in COMRAM

    _main->_TimeXus

Critical Paths under _main in BANK5

    None.

Critical Paths under _main in BANK6

    None.

Critical Paths under _main in BANK7

    None.

Critical Paths under _main in BANK8

    None.

Critical Paths under _main in BANK9

    None.

Critical Paths under _main in BANK10

    None.

Critical Paths under _main in BANK11

    None.

Critical Paths under _main in BANK12

    None.

Critical Paths under _main in BANK13

    None.

Critical Paths under _main in BANK14

    None.

Critical Paths under _main in BANK15

    None.

Critical Paths under _main in BANK16

    None.

Critical Paths under _main in BANK17

    None.

Critical Paths under _main in BANK18

    None.

Critical Paths under _main in BANK19

    None.

Critical Paths under _main in BANK20

    None.

Critical Paths under _main in BANK21

    None.

Critical Paths under _main in BANK22

    None.

Critical Paths under _main in BANK23

    None.

Critical Paths under _main in BANK24

    None.

Critical Paths under _main in BANK25

    None.

Critical Paths under _main in BANK26

    None.

Critical Paths under _main in BANK27

    None.

Critical Paths under _main in BANK28

    None.

Critical Paths under _main in BANK29

    None.

Critical Paths under _main in BANK30

    None.

Critical Paths under _main in BANK31

    None.

Critical Paths under _main in BANK32

    None.

Critical Paths under _main in BANK33

    None.

Critical Paths under _main in BANK34

    None.

Critical Paths under _main in BANK35

    None.

Critical Paths under _main in BANK36

    None.

Call Graph Tables:

 ---------------------------------------------------------------------------------
 (Depth) Function   	        Calls       Base Space   Used Autos Params    Refs
 ---------------------------------------------------------------------------------
 (0) _main                                                 0     0      0     143
                         _ClockSetup
                          _GpioSetup
                       _SysTickSetup
                        _SystemSleep
                            _TimeXus
                  _UserAppInitialize
                         _UserAppRun
 ---------------------------------------------------------------------------------
 (1) _UserAppRun                                           0     0      0       0
 ---------------------------------------------------------------------------------
 (1) _UserAppInitialize                                    0     0      0       0
 ---------------------------------------------------------------------------------
 (1) _TimeXus                                              4     2      2     143
                                              0 COMRAM     4     2      2
 ---------------------------------------------------------------------------------
 (1) _SystemSleep                                          0     0      0       0
 ---------------------------------------------------------------------------------
 (1) _SysTickSetup                                         0     0      0       0
 ---------------------------------------------------------------------------------
 (1) _GpioSetup                                            0     0      0       0
 ---------------------------------------------------------------------------------
 (1) _ClockSetup                                           0     0      0       0
 ---------------------------------------------------------------------------------
 Estimated maximum stack depth 1
 ---------------------------------------------------------------------------------

 Call Graph Graphs:

 _main (ROOT)
   _ClockSetup
   _GpioSetup
   _SysTickSetup
   _SystemSleep
   _TimeXus
   _UserAppInitialize
   _UserAppRun

 Address spaces:
Name               Size   Autos  Total    Cost      Usage
BIGRAM            1FFF      0       0      69        0.0%
EEDATA             400      0       0       0        0.0%
BITBANK36          100      0       0      67        0.0%
BANK36             100      0       0      68        0.0%
BITBANK35          100      0       0      65        0.0%
BANK35             100      0       0      66        0.0%
BITBANK34          100      0       0      63        0.0%
BANK34             100      0       0      64        0.0%
BITBANK33          100      0       0      61        0.0%
BANK33             100      0       0      62        0.0%
BITBANK32          100      0       0      59        0.0%
BANK32             100      0       0      60        0.0%
BITBANK31          100      0       0      57        0.0%
BANK31             100      0       0      58        0.0%
BITBANK30          100      0       0      55        0.0%
BANK30             100      0       0      56        0.0%
BITBANK29          100      0       0      53        0.0%
BANK29             100      0       0      54        0.0%
BITBANK28          100      0       0      51        0.0%
BANK28             100      0       0      52        0.0%
BITBANK27          100      0       0      49        0.0%
BANK27             100      0       0      50        0.0%
BITBANK26          100      0       0      47        0.0%
BANK26             100      0       0      48        0.0%
BITBANK25          100      0       0      45        0.0%
BANK25             100      0       0      46        0.0%
BITBANK24          100      0       0      43        0.0%
BANK24             100      0       0      44        0.0%
BITBANK23          100      0       0      41        0.0%
BANK23             100      0       0      42        0.0%
BITBANK22          100      0       0      39        0.0%
BANK22             100      0       0      40        0.0%
BITBANK21          100      0       0      37        0.0%
BANK21             100      0       0      38        0.0%
BITBANK20          100      0       0      35        0.0%
BANK20             100      0       0      36        0.0%
BITBANK19          100      0       0      33        0.0%
BANK19             100      0       0      34        0.0%
BITBANK18          100      0       0      31        0.0%
BANK18             100      0       0      32        0.0%
BITBANK17          100      0       0      29        0.0%
BANK17             100      0       0      30        0.0%
BITBANK16          100      0       0      27        0.0%
BANK16             100      0       0      28        0.0%
BITBANK15          100      0       0      25        0.0%
BANK15             100      0       0      26        0.0%
BITBANK14          100      0       0      23        0.0%
BANK14             100      0       0      24        0.0%
BITBANK13          100      0       0      21        0.0%
BANK13             100      0       0      22        0.0%
BITBANK12          100      0       0      19        0.0%
BANK12             100      0       0      20        0.0%
BITBANK11          100      0       0      17        0.0%
BANK11             100      0       0      18        0.0%
BITBANK10          100      0       0      15        0.0%
BANK10             100      0       0      16        0.0%
BITBANK9           100      0       0      13        0.0%
BANK9              100      0       0      14        0.0%
BITBANK8           100      0       0      11        0.0%
BANK8              100      0       0      12        0.0%
BITBANK7           100      0       0       9        0.0%
BANK7              100      0       0      10        0.0%
BITBANK6           100      0       0       7        0.0%
BANK6              100      0     100       8      100.0%
BITBANK5            A0      0       0       4        0.0%
BANK5               A0      0       0       5        0.0%
BITCOMRAM           5F      0       0       0        0.0%
COMRAM              5F      4      12       1       18.9%
BITSFR_5             0      0       0     200        0.0%
SFR_5                0      0       0     200        0.0%
BITSFR_4             0      0       0     200        0.0%
SFR_4                0      0       0     200        0.0%
BITSFR_3             0      0       0     200        0.0%
SFR_3                0      0       0     200        0.0%
BITSFR_2             0      0       0     200        0.0%
SFR_2                0      0       0     200        0.0%
BITSFR_1             0      0       0     200        0.0%
SFR_1                0      0       0     200        0.0%
BITSFR               0      0       0     200        0.0%
SFR                  0      0       0     200        0.0%
STACK                0      0       0       2        0.0%
NULL                 0      0       0       0        0.0%
ABS                  0      0     112       6        0.0%
DATA                 0      0     112       3        0.0%
CODE                 0      0       0       0        0.0%


Microchip Technology PIC18 Macro Assembler V2.31 build 20201012212115 
Symbol Table                                                                                   Wed Mar 31 17:12:56 2021

     __size_of_SysTickSetup 0022                          l13 FDF4                          l22 FDF6  
                        l16 FE08                          l50 FEE6                          l19 FE5C  
                        l82 FE88                          l76 FE1E                          l85 FE3A  
                        u10 FE6E                          u11 FE6A                          u30 FEF4  
                        u31 FEF0                         l811 FE20                         l821 FE38  
                       l813 FE24                         l815 FE2C                         l831 FECE  
                       l823 FEC0                         l761 FDF8                         l809 FE3C  
                       l817 FE30                         l833 FED2                         l825 FEC2  
                       l819 FE36                         l771 FE18                         l835 FED6  
                       l827 FEC6                         l765 FE0A                         l773 FE5E  
                       l837 FEDA                         l829 FECA                         l767 FE0E  
                       l775 FE6E                         l769 FE14                         l777 FE72  
                       l779 FE84                         wreg 0004E8                        _LATA 0004BE  
                      _PIR3 0004B1                        _main FEC0                _SysTickSetup FE3C  
                      fsr1h 0004E2                        indf2 0004DF                        fsr1l 0004E1  
                      fsr2l 0004D9                        start FFFC              TimeXus@u16Time 050F  
      __size_of_SystemSleep 0002                ___param_bank 000000                  _ClockSetup FDF4  
           __end_of_TimeXus FE3C                       ?_main 050F                       _TMR0H 000319  
                     _TMR0L 000318                       _TRISA 0004C6                       tablat 0004F5  
                     status 0004D8             TimeXus@u16Value 0511             __initialization FE8A  
              __end_of_main FEFC                      ??_main 0513               __activetblptr 000000  
                    _ANSELA 000400                      _T0CON0 00031A                      _T0CON1 00031B  
        __size_of_GpioSetup 0012                   ??_TimeXus 0511                 ?_ClockSetup 050F  
                    clear_0 FEB4                      tblptrh 0004F7                      tblptrl 0004F6  
                    tblptru 0004F8                  _UserAppRun FE5E                  __accesstop 0560  
   __end_of__initialization FEBA               ___rparam_used 000001            _G_u8UserAppFlags 050E  
            __pcstackCOMRAM 050F                __pidataBANK6 FEFC           __end_of_GpioSetup FE0A  
       __size_of_ClockSetup 0002                     _DAC1CON 00007F                 ?_UserAppRun 050F  
             ??_SystemSleep 050F                     __Hparam 0000                     __Lparam 0000  
                   _TimeXus FE20                     __pcinit FE8A                     __ramtop 2500  
                   __ptext0 FEC0                     __ptext1 FE5E                     __ptext2 FE0A  
                   __ptext3 FE20                     __ptext4 FDF6                     __ptext5 FE3C  
                   __ptext6 FDF8                     __ptext7 FDF4        end_of_initialization FEBA  
          _G_u32SystemFlags 0501                     postdec1 0004E5                     postinc0 0004EE  
       __end_of_SystemSleep FDF8                ??_ClockSetup 050F         __size_of_UserAppRun 002C  
        __end_of_ClockSetup FDF6                   _GpioSetup FDF8         start_initialization FE8A  
             ?_SysTickSetup 050F                 _SystemSleep FDF6                 __pdataBANK6 0600  
                ?_GpioSetup 050F                 __pbssCOMRAM 0501           _UserAppInitialize FE0A  
              ??_UserAppRun 050F          ?_UserAppInitialize 050F              ??_SysTickSetup 050F  
       ??_UserAppInitialize 050F                    ?_TimeXus 050F          __end_of_UserAppRun FE8A  
                  _DAC1DATL 00007D   __end_of_UserAppInitialize FE20           UserAppRun@u8Index 050D  
                  _PIR3bits 0004B1                 ??_GpioSetup 050F                   copy_data0 FE9E  
                  __Hrparam 0000                    __Lrparam 0000            __size_of_TimeXus 001C  
      __end_of_SysTickSetup FE5E  __size_of_UserAppInitialize 0016               __size_of_main 003C  
              ?_SystemSleep 050F          _G_u32SystemTime1ms 0509           _G_u32SystemTime1s 0505  
       _UserApp_au8sinTable 0600  
